This is pdfTeX, Version 3.14159265-2.6-1.40.20 (TeX Live 2019) (preloaded format=pdflatex 2019.5.8)  22 MAY 2020 16:42
entering extended mode
 restricted \write18 enabled.
 file:line:error style messages enabled.
 %&-line parsing enabled.
**fancyhdr.ins
(./fancyhdr.ins
LaTeX2e <2018-12-01>
(/usr/local/texlive/2019/texmf-dist/tex/latex/base/docstrip.tex
\blockLevel=\count80
\emptyLines=\count81
\processedLines=\count82
\commentsRemoved=\count83
\commentsPassed=\count84
\codeLinesPassed=\count85
\TotalprocessedLines=\count86
\TotalcommentsRemoved=\count87
\TotalcommentsPassed=\count88
\TotalcodeLinesPassed=\count89
\NumberOfFiles=\count90
\inFile=\read1
\inputcheck=\read2
\off@0=\count91
\off@1=\count92
\off@2=\count93
\off@3=\count94
\off@4=\count95
\off@5=\count96
\off@6=\count97
\off@7=\count98
\off@8=\count99
\off@9=\count100
\off@10=\count101
\off@11=\count102
\off@12=\count103
\off@13=\count104
\off@14=\count105
\off@15=\count106
\@maxfiles=\count107
\@maxoutfiles=\count108

Utility: `docstrip' 2.5g <2018/05/03>
English documentation    <2018/05/03>

**********************************************************
* This program converts documented macro-files into fast *
* loadable files by stripping off (nearly) all comments! *
**********************************************************

********************************************************
* No Configuration file found, using default settings. *
********************************************************

)

Generating file(s) ./fancyhdr.sty 
\openout0 = `./fancyhdr.sty'.


Processing file fancyhdr.dtx (fancyhdr) -> fancyhdr.sty
File fancyhdr.dtx ended by \endinput.
Lines  processed: 3534
Comments removed: 3141
Comments  passed: 2
Codelines passed: 372


Generating file(s) ./fancyheadings.sty 
\openout0 = `./fancyheadings.sty'.


Processing file fancyhdr.dtx (fancyheadings) -> fancyheadings.sty
File fancyhdr.dtx ended by \endinput.
Lines  processed: 3534
Comments removed: 3141
Comments  passed: 2
Codelines passed: 372


Generating file(s) ./extramarks.sty 
\openout0 = `./extramarks.sty'.


Processing file fancyhdr.dtx (extramarks) -> extramarks.sty
File fancyhdr.dtx ended by \endinput.
Lines  processed: 3534
Comments removed: 3141
Comments  passed: 2
Codelines passed: 372

*************************************************************
*                                                           *
* To finish the installation you have to move the following *
* file into a directory searched by TeX:                    *
*                                                           *
*     fancyhdr.sty                                          *
*     fancyheadings.sty                                     *
*     extramarks.sty                                        *
*                                                           *
* To produce the documentation run the file fancyhdr.dtx    *
* through LaTeX.                                            *
*                                                           *
* Happy TeXing!                                             *
*                                                           *
*************************************************************
Overall statistics:
Files  processed: 3
Lines  processed: 10602
Comments removed: 9423
Comments  passed: 6
Codelines passed: 1116
 ) 
Here is how much of TeX's memory you used:
 334 strings out of 492616
 3467 string characters out of 6129482
 65643 words of memory out of 5000000
 4346 multiletter control sequences out of 15000+600000
 3640 words of font info for 14 fonts, out of 8000000 for 9000
 1141 hyphenation exceptions out of 8191
 13i,0n,15p,421b,131s stack positions out of 5000i,500n,10000p,200000b,80000s

No pages of output.
PDF statistics:
 0 PDF objects out of 1000 (max. 8388607)
 0 named destinations out of 1000 (max. 500000)
 1 words of extra memory for PDF output out of 10000 (max. 10000000)

